<?xml version="1.0" encoding="UTF-8" ?>
<testsuite tests="5" failures="1" name="TestSuite" time="0.264" errors="0" skipped="1">
  <properties>
[...]
</properties>
  <testcase classname="csjobs.model.dao.JobDaoTest" name="getJobs" time="0.187">
    <failure type="java.lang.AssertionError">java.lang.AssertionError
	at csjobs.model.dao.JobDaoTest.getJobs(JobDaoTest.java:26)
</failure>
    <system-out>Configuring TestNG with: org.apache.maven.surefire.testng.conf.TestNG652Configurator@7a46a697
</system-out>
    <system-err>Aug 20, 2015 12:14:12 PM org.springframework.test.context.support.DefaultTestContextBootstrapper getTestExecutionListeners
INFO: Using TestExecutionListeners: [org.springframework.test.context.web.ServletTestExecutionListener@65e2dbf3, org.springframework.test.context.support.DependencyInjectionTestExecutionListener@4f970963, org.springframework.test.context.support.DirtiesContextTestExecutionListener@61f8bee4, org.springframework.test.context.transaction.TransactionalTestExecutionListener@7b49cea0, org.springframework.test.context.jdbc.SqlScriptsTestExecutionListener@887af79]
Aug 20, 2015 12:14:12 PM org.springframework.test.context.support.DefaultTestContextBootstrapper getTestExecutionListeners
INFO: Using TestExecutionListeners: [org.springframework.test.context.web.ServletTestExecutionListener@43814d18, org.springframework.test.context.support.DependencyInjectionTestExecutionListener@5c5a1b69, org.springframework.test.context.support.DirtiesContextTestExecutionListener@3701eaf6, org.springframework.test.context.transaction.TransactionalTestExecutionListener@627551fb, org.springframework.test.context.jdbc.SqlScriptsTestExecutionListener@2b552920]
Aug 20, 2015 12:14:12 PM org.springframework.beans.factory.xml.XmlBeanDefinitionReader loadBeanDefinitions
INFO: Loading XML bean definitions from class path resource [applicationContext.xml]
Aug 20, 2015 12:14:13 PM org.springframework.context.support.GenericApplicationContext prepareRefresh
INFO: Refreshing org.springframework.context.support.GenericApplicationContext@491cc5c9: startup date [Thu Aug 20 12:14:13 PDT 2015]; root of context hierarchy
Aug 20, 2015 12:14:13 PM org.springframework.orm.jpa.LocalContainerEntityManagerFactoryBean createNativeEntityManagerFactory
INFO: Building JPA container EntityManagerFactory for persistence unit &apos;csjobs&apos;
Aug 20, 2015 12:14:13 PM org.hibernate.annotations.common.Version &lt;clinit&gt;
INFO: HCANN000001: Hibernate Commons Annotations {4.0.2.Final}
Aug 20, 2015 12:14:13 PM org.hibernate.Version logVersion
INFO: HHH000412: Hibernate Core {4.2.19.Final}
Aug 20, 2015 12:14:13 PM org.hibernate.cfg.Environment &lt;clinit&gt;
INFO: HHH000206: hibernate.properties not found
Aug 20, 2015 12:14:13 PM org.hibernate.cfg.Environment buildBytecodeProvider
INFO: HHH000021: Bytecode provider name : javassist
Aug 20, 2015 12:14:13 PM org.hibernate.ejb.Ejb3Configuration configure
INFO: HHH000204: Processing PersistenceUnitInfo [
	name: csjobs
	...]
Aug 20, 2015 12:14:13 PM org.hibernate.service.jdbc.connections.internal.ConnectionProviderInitiator instantiateExplicitConnectionProvider
INFO: HHH000130: Instantiating explicit connection provider: org.hibernate.ejb.connection.InjectedDataSourceConnectionProvider
Aug 20, 2015 12:14:14 PM org.hibernate.dialect.Dialect &lt;init&gt;
INFO: HHH000400: Using dialect: org.hibernate.dialect.PostgreSQLDialect
Aug 20, 2015 12:14:14 PM org.hibernate.engine.jdbc.internal.LobCreatorBuilder useContextualLobCreation
INFO: HHH000424: Disabling contextual LOB creation as createClob() method threw error : java.lang.reflect.InvocationTargetException
Aug 20, 2015 12:14:14 PM org.hibernate.engine.transaction.internal.TransactionFactoryInitiator initiateService
INFO: HHH000268: Transaction strategy: org.hibernate.engine.transaction.internal.jdbc.JdbcTransactionFactory
Aug 20, 2015 12:14:14 PM org.hibernate.hql.internal.ast.ASTQueryTranslatorFactory &lt;init&gt;
INFO: HHH000397: Using ASTQueryTranslatorFactory
Aug 20, 2015 12:14:14 PM org.springframework.test.context.transaction.TransactionContext startTransaction
INFO: Began transaction (1) for test context [DefaultTestContext@4fcc529 testClass = JobDaoTest, testInstance = csjobs.model.dao.JobDaoTest@1d29cf23, testMethod = getJobs@JobDaoTest, testException = [null], mergedContextConfiguration = [MergedContextConfiguration@25cc7470 testClass = JobDaoTest, locations = &apos;{classpath:applicationContext.xml}&apos;, classes = &apos;{}&apos;, contextInitializerClasses = &apos;[]&apos;, activeProfiles = &apos;{}&apos;, propertySourceLocations = &apos;{}&apos;, propertySourceProperties = &apos;{}&apos;, contextLoader = &apos;org.springframework.test.context.support.DelegatingSmartContextLoader&apos;, parent = [null]]]; transaction manager [org.springframework.orm.jpa.JpaTransactionManager@4beddc56]; rollback [true]
</system-err>
  </testcase>
  <testcase classname="csjobs.model.dao.UserDaoTest" name="getUserByEmail" time="0.031"/>
  <testcase classname="csjobs.model.dao.UserDaoTest" name="getUserById" time="0"/>
  <testcase classname="csjobs.model.dao.UserDaoTest" name="checkApplication" time="0.015"/>
  <testcase classname="csjobs.model.dao.JobDaoTest" name="countCommittees" time="0.031">
    <skipped/>
    <system-err>Aug 20, 2015 12:14:15 PM org.springframework.test.context.transaction.TransactionContext endTransaction
INFO: Rolled back transaction for test context [DefaultTestContext@47b2e9e1 testClass = UserDaoTest, testInstance = csjobs.model.dao.UserDaoTest@4e7dc304, testMethod = checkApplication@UserDaoTest, testException = [null], mergedContextConfiguration = [MergedContextConfiguration@59942b48 testClass = UserDaoTest, locations = &apos;{classpath:applicationContext.xml}&apos;, classes = &apos;{}&apos;, contextInitializerClasses = &apos;[]&apos;, activeProfiles = &apos;{}&apos;, propertySourceLocations = &apos;{}&apos;, propertySourceProperties = &apos;{}&apos;, contextLoader = &apos;org.springframework.test.context.support.DelegatingSmartContextLoader&apos;, parent = [null]]].
</system-err>
  </testcase>
</testsuite>