<?xml version="1.0" encoding="UTF-8"?>
<testng-results skipped="1" failed="1" total="5" passed="3">
  <reporter-output>
  </reporter-output>
  <suite name="Command line suite" duration-ms="2431" started-at="2015-08-20T19:14:12Z" finished-at="2015-08-20T19:14:15Z">
    <groups>
      <group name="JobDaoTest">
        <method signature="JobDaoTest.getJobs()[pri:0, instance:csjobs.model.dao.JobDaoTest@1d29cf23]" name="getJobs" class="csjobs.model.dao.JobDaoTest"/>
        <method signature="JobDaoTest.countCommittees()[pri:0, instance:csjobs.model.dao.JobDaoTest@1d29cf23]" name="countCommittees" class="csjobs.model.dao.JobDaoTest"/>
      </group> <!-- JobDaoTest -->
      <group name="UserDaoTest">
        <method signature="UserDaoTest.getUserByEmail()[pri:0, instance:csjobs.model.dao.UserDaoTest@4e7dc304]" name="getUserByEmail" class="csjobs.model.dao.UserDaoTest"/>
        <method signature="UserDaoTest.checkApplication()[pri:0, instance:csjobs.model.dao.UserDaoTest@4e7dc304]" name="checkApplication" class="csjobs.model.dao.UserDaoTest"/>
        <method signature="UserDaoTest.getUserById()[pri:0, instance:csjobs.model.dao.UserDaoTest@4e7dc304]" name="getUserById" class="csjobs.model.dao.UserDaoTest"/>
      </group> <!-- UserDaoTest -->
    </groups>
    <test name="Command line test" duration-ms="2431" started-at="2015-08-20T19:14:12Z" finished-at="2015-08-20T19:14:15Z">
      <class name="csjobs.model.dao.JobDaoTest">
        <test-method status="PASS" signature="springTestContextPrepareTestInstance()[pri:0, instance:csjobs.model.dao.JobDaoTest@1d29cf23]" name="springTestContextPrepareTestInstance" is-config="true" duration-ms="2049" started-at="2015-08-20T12:14:12Z" depends-on-methods="org.springframework.test.context.testng.AbstractTestNGSpringContextTests.springTestContextBeforeTestClass" finished-at="2015-08-20T12:14:14Z">
          <reporter-output>
          </reporter-output>
        </test-method> <!-- springTestContextPrepareTestInstance -->
        <test-method status="PASS" signature="springTestContextBeforeTestClass()[pri:0, instance:csjobs.model.dao.JobDaoTest@1d29cf23]" name="springTestContextBeforeTestClass" is-config="true" duration-ms="0" started-at="2015-08-20T12:14:12Z" finished-at="2015-08-20T12:14:12Z">
          <reporter-output>
          </reporter-output>
        </test-method> <!-- springTestContextBeforeTestClass -->
        <test-method status="PASS" signature="springTestContextBeforeTestMethod(java.lang.reflect.Method)[pri:0, instance:csjobs.model.dao.JobDaoTest@1d29cf23]" name="springTestContextBeforeTestMethod" is-config="true" duration-ms="86" started-at="2015-08-20T12:14:14Z" finished-at="2015-08-20T12:14:14Z">
          <params>
            <param index="0">
              <value>
                <![CDATA[public void csjobs.model.dao.JobDaoTest.getJobs()]]>
              </value>
            </param>
          </params>
          <reporter-output>
          </reporter-output>
        </test-method> <!-- springTestContextBeforeTestMethod -->
        <test-method status="FAIL" signature="getJobs()[pri:0, instance:csjobs.model.dao.JobDaoTest@1d29cf23]" name="getJobs" duration-ms="172" started-at="2015-08-20T12:14:14Z" finished-at="2015-08-20T12:14:15Z">
          <exception class="java.lang.AssertionError">
            <full-stacktrace>
              <![CDATA[java.lang.AssertionError
	at csjobs.model.dao.JobDaoTest.getJobs(JobDaoTest.java:26)
	at sun.reflect.NativeMethodAccessorImpl.invoke0(Native Method)
	at sun.reflect.NativeMethodAccessorImpl.invoke(NativeMethodAccessorImpl.java:62)
	at sun.reflect.DelegatingMethodAccessorImpl.invoke(DelegatingMethodAccessorImpl.java:43)
	at java.lang.reflect.Method.invoke(Method.java:497)
	at org.testng.internal.MethodInvocationHelper.invokeMethod(MethodInvocationHelper.java:85)
	at org.testng.internal.MethodInvocationHelper$1.runTestMethod(MethodInvocationHelper.java:200)
	at org.springframework.test.context.testng.AbstractTestNGSpringContextTests.run(AbstractTestNGSpringContextTests.java:171)
	at org.testng.internal.MethodInvocationHelper.invokeHookable(MethodInvocationHelper.java:212)
	at org.testng.internal.Invoker.invokeMethod(Invoker.java:652)
	at org.testng.internal.Invoker.invokeTestMethod(Invoker.java:845)
	at org.testng.internal.Invoker.invokeTestMethods(Invoker.java:1153)
	at org.testng.internal.TestMethodWorker.invokeTestMethods(TestMethodWorker.java:125)
	at org.testng.internal.TestMethodWorker.run(TestMethodWorker.java:108)
	at org.testng.TestRunner.privateRun(TestRunner.java:771)
	at org.testng.TestRunner.run(TestRunner.java:621)
	at org.testng.SuiteRunner.runTest(SuiteRunner.java:357)
	at org.testng.SuiteRunner.runSequentially(SuiteRunner.java:352)
	at org.testng.SuiteRunner.privateRun(SuiteRunner.java:310)
	at org.testng.SuiteRunner.run(SuiteRunner.java:259)
	at org.testng.SuiteRunnerWorker.runSuite(SuiteRunnerWorker.java:52)
	at org.testng.SuiteRunnerWorker.run(SuiteRunnerWorker.java:86)
	at org.testng.TestNG.runSuitesSequentially(TestNG.java:1199)
	at org.testng.TestNG.runSuitesLocally(TestNG.java:1124)
	at org.testng.TestNG.run(TestNG.java:1032)
	at org.apache.maven.surefire.testng.TestNGExecutor.run(TestNGExecutor.java:77)
	at org.apache.maven.surefire.testng.TestNGDirectoryTestSuite.executeMulti(TestNGDirectoryTestSuite.java:159)
	at org.apache.maven.surefire.testng.TestNGDirectoryTestSuite.execute(TestNGDirectoryTestSuite.java:99)
	at org.apache.maven.surefire.testng.TestNGProvider.invoke(TestNGProvider.java:106)
	at sun.reflect.NativeMethodAccessorImpl.invoke0(Native Method)
	at sun.reflect.NativeMethodAccessorImpl.invoke(NativeMethodAccessorImpl.java:62)
	at sun.reflect.DelegatingMethodAccessorImpl.invoke(DelegatingMethodAccessorImpl.java:43)
	at java.lang.reflect.Method.invoke(Method.java:497)
	at org.apache.maven.surefire.util.ReflectionUtils.invokeMethodWithArray(ReflectionUtils.java:189)
	at org.apache.maven.surefire.booter.ProviderFactory$ProviderProxy.invoke(ProviderFactory.java:165)
	at org.apache.maven.surefire.booter.ProviderFactory.invokeProvider(ProviderFactory.java:85)
	at org.apache.maven.surefire.booter.ForkedBooter.runSuitesInProcess(ForkedBooter.java:115)
	at org.apache.maven.surefire.booter.ForkedBooter.main(ForkedBooter.java:75)
]]>
            </full-stacktrace>
          </exception> <!-- java.lang.AssertionError -->
          <reporter-output>
          </reporter-output>
        </test-method> <!-- getJobs -->
        <test-method status="PASS" signature="springTestContextAfterTestMethod(java.lang.reflect.Method)[pri:0, instance:csjobs.model.dao.JobDaoTest@1d29cf23]" name="springTestContextAfterTestMethod" is-config="true" duration-ms="0" started-at="2015-08-20T12:14:15Z" finished-at="2015-08-20T12:14:15Z">
          <params>
            <param index="0">
              <value>
                <![CDATA[public void csjobs.model.dao.JobDaoTest.getJobs()]]>
              </value>
            </param>
          </params>
          <reporter-output>
          </reporter-output>
        </test-method> <!-- springTestContextAfterTestMethod -->
        <test-method status="SKIP" signature="countCommittees()[pri:0, instance:csjobs.model.dao.JobDaoTest@1d29cf23]" name="countCommittees" duration-ms="0" depends-on-groups="UserDaoTest" started-at="2015-08-20T12:14:15Z" depends-on-methods="csjobs.model.dao.JobDaoTest.getJobs" finished-at="2015-08-20T12:14:15Z">
          <exception class="java.lang.Throwable">
            <message>
              <![CDATA[Method JobDaoTest.countCommittees()[pri:0, instance:csjobs.model.dao.JobDaoTest@1d29cf23] depends on not successfully finished methods]]>
            </message>
            <full-stacktrace>
              <![CDATA[java.lang.Throwable: Method JobDaoTest.countCommittees()[pri:0, instance:csjobs.model.dao.JobDaoTest@1d29cf23] depends on not successfully finished methods
	at org.testng.internal.Invoker.invokeTestMethods(Invoker.java:1063)
	at org.testng.internal.TestMethodWorker.invokeTestMethods(TestMethodWorker.java:125)
	at org.testng.internal.TestMethodWorker.run(TestMethodWorker.java:108)
	at org.testng.TestRunner.privateRun(TestRunner.java:771)
	at org.testng.TestRunner.run(TestRunner.java:621)
	at org.testng.SuiteRunner.runTest(SuiteRunner.java:357)
	at org.testng.SuiteRunner.runSequentially(SuiteRunner.java:352)
	at org.testng.SuiteRunner.privateRun(SuiteRunner.java:310)
	at org.testng.SuiteRunner.run(SuiteRunner.java:259)
	at org.testng.SuiteRunnerWorker.runSuite(SuiteRunnerWorker.java:52)
	at org.testng.SuiteRunnerWorker.run(SuiteRunnerWorker.java:86)
	at org.testng.TestNG.runSuitesSequentially(TestNG.java:1199)
	at org.testng.TestNG.runSuitesLocally(TestNG.java:1124)
	at org.testng.TestNG.run(TestNG.java:1032)
	at org.apache.maven.surefire.testng.TestNGExecutor.run(TestNGExecutor.java:77)
	at org.apache.maven.surefire.testng.TestNGDirectoryTestSuite.executeMulti(TestNGDirectoryTestSuite.java:159)
	at org.apache.maven.surefire.testng.TestNGDirectoryTestSuite.execute(TestNGDirectoryTestSuite.java:99)
	at org.apache.maven.surefire.testng.TestNGProvider.invoke(TestNGProvider.java:106)
	at sun.reflect.NativeMethodAccessorImpl.invoke0(Native Method)
	at sun.reflect.NativeMethodAccessorImpl.invoke(NativeMethodAccessorImpl.java:62)
	at sun.reflect.DelegatingMethodAccessorImpl.invoke(DelegatingMethodAccessorImpl.java:43)
	at java.lang.reflect.Method.invoke(Method.java:497)
	at org.apache.maven.surefire.util.ReflectionUtils.invokeMethodWithArray(ReflectionUtils.java:189)
	at org.apache.maven.surefire.booter.ProviderFactory$ProviderProxy.invoke(ProviderFactory.java:165)
	at org.apache.maven.surefire.booter.ProviderFactory.invokeProvider(ProviderFactory.java:85)
	at org.apache.maven.surefire.booter.ForkedBooter.runSuitesInProcess(ForkedBooter.java:115)
	at org.apache.maven.surefire.booter.ForkedBooter.main(ForkedBooter.java:75)
]]>
            </full-stacktrace>
          </exception> <!-- java.lang.Throwable -->
          <reporter-output>
          </reporter-output>
        </test-method> <!-- countCommittees -->
        <test-method status="PASS" signature="springTestContextAfterTestClass()[pri:0, instance:csjobs.model.dao.JobDaoTest@1d29cf23]" name="springTestContextAfterTestClass" is-config="true" duration-ms="16" started-at="2015-08-20T12:14:15Z" finished-at="2015-08-20T12:14:15Z">
          <reporter-output>
          </reporter-output>
        </test-method> <!-- springTestContextAfterTestClass -->
      </class> <!-- csjobs.model.dao.JobDaoTest -->
      <class name="csjobs.model.dao.UserDaoTest">
        <test-method status="PASS" signature="springTestContextPrepareTestInstance()[pri:0, instance:csjobs.model.dao.UserDaoTest@4e7dc304]" name="springTestContextPrepareTestInstance" is-config="true" duration-ms="0" started-at="2015-08-20T12:14:15Z" depends-on-methods="org.springframework.test.context.testng.AbstractTestNGSpringContextTests.springTestContextBeforeTestClass" finished-at="2015-08-20T12:14:15Z">
          <reporter-output>
          </reporter-output>
        </test-method> <!-- springTestContextPrepareTestInstance -->
        <test-method status="PASS" signature="springTestContextBeforeTestClass()[pri:0, instance:csjobs.model.dao.UserDaoTest@4e7dc304]" name="springTestContextBeforeTestClass" is-config="true" duration-ms="0" started-at="2015-08-20T12:14:15Z" finished-at="2015-08-20T12:14:15Z">
          <reporter-output>
          </reporter-output>
        </test-method> <!-- springTestContextBeforeTestClass -->
        <test-method status="PASS" signature="getUserByEmail()[pri:0, instance:csjobs.model.dao.UserDaoTest@4e7dc304]" name="getUserByEmail" duration-ms="31" started-at="2015-08-20T12:14:15Z" finished-at="2015-08-20T12:14:15Z">
          <reporter-output>
          </reporter-output>
        </test-method> <!-- getUserByEmail -->
        <test-method status="PASS" signature="springTestContextBeforeTestMethod(java.lang.reflect.Method)[pri:0, instance:csjobs.model.dao.UserDaoTest@4e7dc304]" name="springTestContextBeforeTestMethod" is-config="true" duration-ms="0" started-at="2015-08-20T12:14:15Z" finished-at="2015-08-20T12:14:15Z">
          <params>
            <param index="0">
              <value>
                <![CDATA[public void csjobs.model.dao.UserDaoTest.getUserByEmail()]]>
              </value>
            </param>
          </params>
          <reporter-output>
          </reporter-output>
        </test-method> <!-- springTestContextBeforeTestMethod -->
        <test-method status="PASS" signature="springTestContextBeforeTestMethod(java.lang.reflect.Method)[pri:0, instance:csjobs.model.dao.UserDaoTest@4e7dc304]" name="springTestContextBeforeTestMethod" is-config="true" duration-ms="0" started-at="2015-08-20T12:14:15Z" finished-at="2015-08-20T12:14:15Z">
          <params>
            <param index="0">
              <value>
                <![CDATA[public void csjobs.model.dao.UserDaoTest.getUserById()]]>
              </value>
            </param>
          </params>
          <reporter-output>
          </reporter-output>
        </test-method> <!-- springTestContextBeforeTestMethod -->
        <test-method status="PASS" signature="springTestContextAfterTestMethod(java.lang.reflect.Method)[pri:0, instance:csjobs.model.dao.UserDaoTest@4e7dc304]" name="springTestContextAfterTestMethod" is-config="true" duration-ms="16" started-at="2015-08-20T12:14:15Z" finished-at="2015-08-20T12:14:15Z">
          <params>
            <param index="0">
              <value>
                <![CDATA[public void csjobs.model.dao.UserDaoTest.getUserById()]]>
              </value>
            </param>
          </params>
          <reporter-output>
          </reporter-output>
        </test-method> <!-- springTestContextAfterTestMethod -->
        <test-method status="PASS" signature="springTestContextAfterTestMethod(java.lang.reflect.Method)[pri:0, instance:csjobs.model.dao.UserDaoTest@4e7dc304]" name="springTestContextAfterTestMethod" is-config="true" duration-ms="0" started-at="2015-08-20T12:14:15Z" finished-at="2015-08-20T12:14:15Z">
          <params>
            <param index="0">
              <value>
                <![CDATA[public void csjobs.model.dao.UserDaoTest.getUserByEmail()]]>
              </value>
            </param>
          </params>
          <reporter-output>
          </reporter-output>
        </test-method> <!-- springTestContextAfterTestMethod -->
        <test-method status="PASS" signature="getUserById()[pri:0, instance:csjobs.model.dao.UserDaoTest@4e7dc304]" name="getUserById" duration-ms="0" started-at="2015-08-20T12:14:15Z" finished-at="2015-08-20T12:14:15Z">
          <reporter-output>
          </reporter-output>
        </test-method> <!-- getUserById -->
        <test-method status="PASS" signature="springTestContextBeforeTestMethod(java.lang.reflect.Method)[pri:0, instance:csjobs.model.dao.UserDaoTest@4e7dc304]" name="springTestContextBeforeTestMethod" is-config="true" duration-ms="0" started-at="2015-08-20T12:14:15Z" finished-at="2015-08-20T12:14:15Z">
          <params>
            <param index="0">
              <value>
                <![CDATA[public void csjobs.model.dao.UserDaoTest.checkApplication()]]>
              </value>
            </param>
          </params>
          <reporter-output>
          </reporter-output>
        </test-method> <!-- springTestContextBeforeTestMethod -->
        <test-method status="PASS" signature="checkApplication()[pri:0, instance:csjobs.model.dao.UserDaoTest@4e7dc304]" name="checkApplication" duration-ms="15" started-at="2015-08-20T12:14:15Z" depends-on-methods="csjobs.model.dao.UserDaoTest.getUserByEmail" finished-at="2015-08-20T12:14:15Z">
          <reporter-output>
          </reporter-output>
        </test-method> <!-- checkApplication -->
        <test-method status="PASS" signature="springTestContextAfterTestMethod(java.lang.reflect.Method)[pri:0, instance:csjobs.model.dao.UserDaoTest@4e7dc304]" name="springTestContextAfterTestMethod" is-config="true" duration-ms="0" started-at="2015-08-20T12:14:15Z" finished-at="2015-08-20T12:14:15Z">
          <params>
            <param index="0">
              <value>
                <![CDATA[public void csjobs.model.dao.UserDaoTest.checkApplication()]]>
              </value>
            </param>
          </params>
          <reporter-output>
          </reporter-output>
        </test-method> <!-- springTestContextAfterTestMethod -->
        <test-method status="PASS" signature="springTestContextAfterTestClass()[pri:0, instance:csjobs.model.dao.UserDaoTest@4e7dc304]" name="springTestContextAfterTestClass" is-config="true" duration-ms="0" started-at="2015-08-20T12:14:15Z" finished-at="2015-08-20T12:14:15Z">
          <reporter-output>
          </reporter-output>
        </test-method> <!-- springTestContextAfterTestClass -->
      </class> <!-- csjobs.model.dao.UserDaoTest -->
    </test> <!-- Command line test -->
  </suite> <!-- Command line suite -->
</testng-results>
