<?xml version="1.0" encoding="UTF-8"?>
<testng-results skipped="0" failed="0" total="1" passed="1">
  <reporter-output>
  </reporter-output>
  <suite name="Default suite" duration-ms="1853" started-at="2015-07-17T05:26:01Z" finished-at="2015-07-17T05:26:03Z">
    <groups>
      <group name="ApplicationsDaoTest">
        <method signature="ApplicationsDaoTest.getApplicant()[pri:0, instance:springmvc.model.dao.ApplicationsDaoTest@31610302]" name="getApplicant" class="springmvc.model.dao.ApplicationsDaoTest"/>
      </group> <!-- ApplicationsDaoTest -->
    </groups>
    <test name="Default test" duration-ms="1853" started-at="2015-07-17T05:26:01Z" finished-at="2015-07-17T05:26:03Z">
      <class name="springmvc.model.dao.ApplicationsDaoTest">
        <test-method status="PASS" signature="springTestContextBeforeTestClass()[pri:0, instance:springmvc.model.dao.ApplicationsDaoTest@31610302]" name="springTestContextBeforeTestClass" is-config="true" duration-ms="0" started-at="2015-07-16T22:26:01Z" finished-at="2015-07-16T22:26:01Z">
          <reporter-output>
          </reporter-output>
        </test-method> <!-- springTestContextBeforeTestClass -->
        <test-method status="PASS" signature="springTestContextPrepareTestInstance()[pri:0, instance:springmvc.model.dao.ApplicationsDaoTest@31610302]" name="springTestContextPrepareTestInstance" is-config="true" duration-ms="1578" started-at="2015-07-16T22:26:01Z" depends-on-methods="org.springframework.test.context.testng.AbstractTestNGSpringContextTests.springTestContextBeforeTestClass" finished-at="2015-07-16T22:26:03Z">
          <reporter-output>
          </reporter-output>
        </test-method> <!-- springTestContextPrepareTestInstance -->
        <test-method status="PASS" signature="springTestContextBeforeTestMethod(java.lang.reflect.Method)[pri:0, instance:springmvc.model.dao.ApplicationsDaoTest@31610302]" name="springTestContextBeforeTestMethod" is-config="true" duration-ms="57" started-at="2015-07-16T22:26:03Z" finished-at="2015-07-16T22:26:03Z">
          <params>
            <param index="0">
              <value>
                <![CDATA[public void springmvc.model.dao.ApplicationsDaoTest.getApplicant()]]>
              </value>
            </param>
          </params>
          <reporter-output>
          </reporter-output>
        </test-method> <!-- springTestContextBeforeTestMethod -->
        <test-method status="PASS" signature="getApplicant()[pri:0, instance:springmvc.model.dao.ApplicationsDaoTest@31610302]" name="getApplicant" duration-ms="187" started-at="2015-07-16T22:26:03Z" finished-at="2015-07-16T22:26:03Z">
          <reporter-output>
          </reporter-output>
        </test-method> <!-- getApplicant -->
        <test-method status="PASS" signature="springTestContextAfterTestMethod(java.lang.reflect.Method)[pri:0, instance:springmvc.model.dao.ApplicationsDaoTest@31610302]" name="springTestContextAfterTestMethod" is-config="true" duration-ms="16" started-at="2015-07-16T22:26:03Z" finished-at="2015-07-16T22:26:03Z">
          <params>
            <param index="0">
              <value>
                <![CDATA[public void springmvc.model.dao.ApplicationsDaoTest.getApplicant()]]>
              </value>
            </param>
          </params>
          <reporter-output>
          </reporter-output>
        </test-method> <!-- springTestContextAfterTestMethod -->
        <test-method status="PASS" signature="springTestContextAfterTestClass()[pri:0, instance:springmvc.model.dao.ApplicationsDaoTest@31610302]" name="springTestContextAfterTestClass" is-config="true" duration-ms="0" started-at="2015-07-16T22:26:03Z" finished-at="2015-07-16T22:26:03Z">
          <reporter-output>
          </reporter-output>
        </test-method> <!-- springTestContextAfterTestClass -->
      </class> <!-- springmvc.model.dao.ApplicationsDaoTest -->
    </test> <!-- Default test -->
  </suite> <!-- Default suite -->
</testng-results>
